Containers:
  [+] MainContainer:
   |            ID: 0x0000000000000000
   |        Bounds: IsValid=true, Min=(X=100.000 Y=-4700.000 Z=0.000), Max=(X=5600.000 Y=3800.000 Z=1840.000)
   |     Transform: 0.000000,0.000000,0.000000|0.000000,0.000000,-0.000000|1.000000,1.000000,1.000000
   |     Container: /Game/My3DPlatformer/Maps/Level01
   |  ActorDescs:
   |      - Guid:2CA975634E54D2F00CD7D38678C786E2 Class:VolumetricCloud Name:VolumetricCloud_UAID_309C23CD7A94FE4201_2143045578 SpatiallyLoaded:false Bounds:IsValid=true, Min=(X=2280.000 Y=900.000 Z=1860.000), Max=(X=2280.000 Y=900.000 Z=1860.000) RuntimeGrid:None EditorOnly:false LevelBoundsRelevant:false HLODRelevant:false FolderPath:Light FolderGuid:F6441DD54F520BEAFF48F4B8B40CC6B4 Parent:00000000000000000000000000000000
   |      - Guid:3055FC6D407E34300651FFB7B9D989BA Class:Actor Name:BP_Key_C_UAID_309C23CD7A94014301_2113451114 SpatiallyLoaded:true Bounds:IsValid=true, Min=(X=3070.000 Y=-1850.000 Z=780.000), Max=(X=3190.000 Y=-1730.000 Z=900.000) RuntimeGrid:None EditorOnly:false LevelBoundsRelevant:true HLODRelevant:false FolderPath:None FolderGuid:00000000000000000000000000000000 Parent:00000000000000000000000000000000
   |      - Guid:4A8462424BD783C8A3578780FEF524FC Class:ExponentialHeightFog Name:ExponentialHeightFog_UAID_309C23CD7A94FF4201_1084424755 SpatiallyLoaded:false Bounds:IsValid=true, Min=(X=2270.000 Y=970.000 Z=1670.000), Max=(X=2270.000 Y=970.000 Z=1670.000) RuntimeGrid:None EditorOnly:false LevelBoundsRelevant:false HLODRelevant:false FolderPath:Light FolderGuid:F6441DD54F520BEAFF48F4B8B40CC6B4 Parent:00000000000000000000000000000000
   |      - Guid:4E469B7E4DCCE7855F2F19A83A61410C Class:Actor Name:BP_Goal_C_UAID_309C23CD7A94004301_1306565934 SpatiallyLoaded:true Bounds:IsValid=true, Min=(X=2880.000 Y=-3220.000 Z=700.000), Max=(X=3280.001 Y=-3020.000 Z=1100.000) RuntimeGrid:None EditorOnly:false LevelBoundsRelevant:true HLODRelevant:false FolderPath:None FolderGuid:00000000000000000000000000000000 Parent:00000000000000000000000000000000
   |      - Guid:4E63D47A45FF60E7DC3D4CB2B1B66707 Class:SkyLight Name:SkyLight_UAID_309C23CD7A94FE4201_2118028576 SpatiallyLoaded:false Bounds:IsValid=true, Min=(X=2280.000 Y=920.000 Z=2030.000), Max=(X=2280.000 Y=920.000 Z=2030.000) RuntimeGrid:None EditorOnly:false LevelBoundsRelevant:false HLODRelevant:false FolderPath:Light FolderGuid:F6441DD54F520BEAFF48F4B8B40CC6B4 Parent:00000000000000000000000000000000
   |      - Guid:580C89D141C290906CA7D486386FB039 Class:Actor Name:BP_Key_C_UAID_309C23CD7A94014301_1926552113 SpatiallyLoaded:true Bounds:IsValid=true, Min=(X=5013.097 Y=-4476.903 Z=1720.000), Max=(X=5166.903 Y=-4323.097 Z=1840.000) RuntimeGrid:None EditorOnly:false LevelBoundsRelevant:true HLODRelevant:false FolderPath:None FolderGuid:00000000000000000000000000000000 Parent:00000000000000000000000000000000
   |      - Guid:7652D4AA4080CB3DB89695A83D875297 Class:Actor Name:BP_Gate_C_UAID_309C23CD7A94014301_1665197111 SpatiallyLoaded:true Bounds:IsValid=true, Min=(X=3450.000 Y=-2101.390 Z=699.895), Max=(X=3850.000 Y=-1298.610 Z=1101.866) RuntimeGrid:None EditorOnly:false LevelBoundsRelevant:true HLODRelevant:false FolderPath:None FolderGuid:00000000000000000000000000000000 Parent:00000000000000000000000000000000
   |      - Guid:793D529947BD9EAECFF571813923C5C1 Class:StaticMeshActor Name:StaticMeshActor_UAID_309C23CD7A94FE4201_1763048568 SpatiallyLoaded:true Bounds:IsValid=true, Min=(X=100.000 Y=-4700.000 Z=-0.000), Max=(X=5600.000 Y=3800.000 Z=1700.000) RuntimeGrid:None EditorOnly:false LevelBoundsRelevant:true HLODRelevant:false FolderPath:None FolderGuid:00000000000000000000000000000000 Parent:00000000000000000000000000000000
   |      - Guid:85336B4B43B815EE78E05787FB384AB0 Class:Actor Name:BP_Key_C_UAID_309C23CD7A94014301_1885448112 SpatiallyLoaded:true Bounds:IsValid=true, Min=(X=523.097 Y=-4176.903 Z=1320.000), Max=(X=676.903 Y=-4023.097 Z=1440.000) RuntimeGrid:None EditorOnly:false LevelBoundsRelevant:true HLODRelevant:false FolderPath:None FolderGuid:00000000000000000000000000000000 Parent:00000000000000000000000000000000
   |      - Guid:9B5E94CB4D3B91E839ADE3B69437BD92 Class:WorldDataLayers Name:WorldDataLayers SpatiallyLoaded:false Bounds:IsValid=true, Min=(X=0.000 Y=0.000 Z=0.000), Max=(X=0.000 Y=0.000 Z=0.000) RuntimeGrid:None EditorOnly:false LevelBoundsRelevant:false HLODRelevant:false FolderPath:None FolderGuid:00000000000000000000000000000000 Parent:00000000000000000000000000000000
   |      - Guid:9E8CD95B415F4677677CE7A221D5E623 Class:DirectionalLight Name:DirectionalLight_UAID_309C23CD7A94FE4201_2087800575 SpatiallyLoaded:false Bounds:IsValid=true, Min=(X=-1048576.000 Y=-1048576.000 Z=-1048576.000), Max=(X=1048576.000 Y=1048576.000 Z=1048576.000) RuntimeGrid:None EditorOnly:false LevelBoundsRelevant:false HLODRelevant:false FolderPath:Light FolderGuid:F6441DD54F520BEAFF48F4B8B40CC6B4 Parent:00000000000000000000000000000000
   |      - Guid:E3D47053482C39686DE7A8BB10656306 Class:PlayerStart Name:PlayerStart_UAID_309C23CD7A94FE4201_1793248569 SpatiallyLoaded:false Bounds:IsValid=true, Min=(X=1510.000 Y=2300.000 Z=108.000), Max=(X=1590.000 Y=2380.000 Z=292.000) RuntimeGrid:None EditorOnly:false LevelBoundsRelevant:true HLODRelevant:false FolderPath:None FolderGuid:00000000000000000000000000000000 Parent:00000000000000000000000000000000
   |      - Guid:E616991F43AD76083F475F95FA7F8652 Class:Actor Name:BP_Gate_C_UAID_309C23CD7A94FF4201_1969586756 SpatiallyLoaded:true Bounds:IsValid=true, Min=(X=2698.610 Y=-2330.000 Z=699.895), Max=(X=3501.390 Y=-1930.000 Z=1101.866) RuntimeGrid:None EditorOnly:false LevelBoundsRelevant:true HLODRelevant:false FolderPath:None FolderGuid:00000000000000000000000000000000 Parent:00000000000000000000000000000000
   |      - Guid:FE4CADEE443106522A8838BC33A80214 Class:SkyAtmosphere Name:SkyAtmosphere_UAID_309C23CD7A94FE4201_2124347577 SpatiallyLoaded:false Bounds:IsValid=true, Min=(X=2280.000 Y=910.000 Z=1930.000), Max=(X=2280.000 Y=910.000 Z=1930.000) RuntimeGrid:None EditorOnly:false LevelBoundsRelevant:false HLODRelevant:false FolderPath:Light FolderGuid:F6441DD54F520BEAFF48F4B8B40CC6B4 Parent:00000000000000000000000000000000
